<?xml version="1.0" encoding="UTF-8"?>
<!-- Generated by org.testng.reporters.JUnitReportReporter -->
<testsuite hostname="C-C02XP0M3JG5H.local" failures="0" tests="1" name="cucumberOptions.TestNGTestRunner" time="20.313" errors="0" timestamp="2024-01-07T16:12:26 SAST" skipped="0">
  <testcase classname="cucumberOptions.TestNGTestRunner" name="runScenario" time="20.313"/>
  <system-out/>
</testsuite> <!-- cucumberOptions.TestNGTestRunner -->
