<?xml version="1.0" encoding="UTF-8"?>
<!-- Generated by org.testng.reporters.JUnitReportReporter -->
<testsuite hostname="C-C02XP0M3JG5H.local" failures="0" tests="1" name="cucumberOptions.TestNGTestRunner" time="19.467" errors="0" timestamp="2024-01-27T21:10:31 SAST" skipped="0">
  <testcase classname="cucumberOptions.TestNGTestRunner" name="runScenario" time="19.467"/>
  <system-out/>
</testsuite> <!-- cucumberOptions.TestNGTestRunner -->
